<!DOCTYPE html>
<html>
<head>
  
<meta http-equiv="Content-Type" content="text/html; charset=UTF-8" />

<script type="text/javascript" src="js/jquery.min.js"></script>
<script type="text/javascript" src="js/jquery.tablesorter.min.js"></script>
<script type="text/javascript" src="js/Chart.min.js"></script>
<script type="text/javascript" src="js/moment.min.js"></script>
<script type="text/javascript" src="js/bootstrap.min.js"></script>

<link rel="stylesheet" href="css/bootstrap.min.css" type="text/css"/>
<link rel="stylesheet" href="css/cucumber.css" type="text/css"/>
<link rel="stylesheet" href="css/font-awesome.min.css"/>
<link rel="shortcut icon" href="images/favicon.png"/>

<script type="text/javascript">
$(document).ready(function() {
    // this will tell tablesorter to try looking for the data-value attribute
    // if present, it'll sort by that instead
    // otherwise, it'll sort by the text content of the table cell
    $("#tablesorter").tablesorter({
        textAttribute: 'data-value',
        // ignores the first row of the header, the 'scenario', 'steps', since
        // sorting those doesn't make sense
        selectorHeaders: '> thead tr:not(.dont-sort) th',
        // use a stable sort
        sortStable: true
    });
});
</script>











  
<title>Cucumber Reports (no 1) - Tag: @TestE2E</title>

</head>
<body>

<nav class="navbar navbar-default navbar-fixed-top" id="navigation">
  <div class="container-fluid">
    <div class="collapse navbar-collapse">
      <p class="navbar-text navbar-left">Cucumber Report</p>
      <ul class="nav navbar-nav navbar-right">
                <li role="presentation" ><a href="overview-features.html">Features</a></li>
        <li role="presentation" ><a href="overview-tags.html">Tags</a></li>
        <li role="presentation" ><a href="overview-steps.html">Steps</a></li>
                <li role="presentation" ><a href="overview-failures.html">Failures</a></li>
      </ul>
    </div>
  </div>
</nav>


<div class="container-fluid">
  <div class="col-md-5 col-md-offset-1">
    
<table class="table table-bordered" id="build-info">
  <thead>
    <tr>
      <th>Project</th>
              <th>Number</th>
            <th>Date</th>
    </tr>
  </thead>
  <tbody>
    <tr class="info">
      <td>scale</td>
              <td>1</td>
            <td>24 Sep 2020, 15:34</td>
    </tr>
  </tbody>
</table>

  </div>
  <div class="col-md-3 col-md-offset-2">
      </div>
</div>


<div id="report-lead" class="container-fluid">
  <div class="col-md-10 col-md-offset-1">
    <h2>Tag Report</h2>
      </div>
</div>


<div class="container-fluid" id="report">
  <div class="row">
    <div class="col-md-10 col-md-offset-1">
      <table class="stats-table">

        
<thead>
  <tr class="header dont-sort">
        <th></th>
    <th colspan="6">Steps</th>
    <th colspan="3">Scenarios</th>
    <th colspan="2">Features</th>
  </tr>
  <tr>
    <th>Tag</th>
        <th class="passed">Passed</th>
    <th class="failed">Failed</th>
    <th class="skipped">Skipped</th>
    <th class="pending">Pending</th>
    <th class="undefined">Undefined</th>
    <th class="total">Total</th>

    <th class="passed">Passed</th>
    <th class="failed">Failed</th>
    <th class="total">Total</th>

    <th>Duration</th>
    <th>Status</th>
  </tr>
</thead>


        <tbody>
        <tr>
          <td class="tagname">@TestE2E</td>
          <td >0</td>
          <td      class="failed"    >6</td>
          <td     class="skipped"   >52</td>
          <td >0</td>
          <td >0</td>
          <td class="total">58</td>

          <td >0</td>
          <td  class="failed"    >6</td>
          <td class="total">6</td>

          <td class="duration" data-value="486666543300">8:6.666</td>
          <td class="failed">Failed</td>
        </tr>
        </tbody>

      </table>
    </div>
  </div>
</div>



<div class="container-fluid">
  <div class="row">
    <div class="col-md-1 col-md-offset-10">
      <i class="fa fa-chevron-circle-down fa-2x collapsable-control"
        onClick="javascript:$('#report .collapsable-details').collapse('show')"></i>
      <i class="fa fa-chevron-circle-up fa-2x collapsable-control"
        onClick="javascript:$('#report .collapsable-details').collapse('hide')"></i>
    </div>
  </div>
</div>


<div class="container-fluid" id="report">
  <div class="row">
    <div class="col-md-10 col-md-offset-1">
      <div class="elements">

                  
<div class="element">
      <div class="indention">
      <b>Feature:</b>
      <a href="report-feature_2581738405.html">This User story covers the ETE functionality from creating a product in admin UI to validating the product in Buyer's UI#</a>
    </div>
  
  
<div class="tags indention">
      <b>Tags:</b>
           <a href="report-tag_2147548255.html">@aa</a>
           <a href="report-tag_2260366117.html">@TestE2E</a>
      </div>

  
  <span class="lead-duration duration">23.396</span>


    <span data-toggle="collapse" class=" collapsable-control" data-target="#element-1">
    
<div class="brief failed">
  <span class="keyword indention">Scenario</span>
  <span class="name">TC-TBD_Verify that newly created product from UI is available on Buyers Ui</span>
  

       <i class="chevron fa fa-fw"></i>
  </div>

  </span>
  <div class="description indention"></div>

  <div id="element-1" class="collapse collapsable-details  in ">
    
  <div class="inner-level hooks-element-before">
        <div data-toggle="collapse" class=" collapsed  collapsable-control" data-target="#before-2">
      
<div class="brief passed">
  <span class="keyword indention">Hooks</span>
  <span class="name"></span>
  

       <i class="chevron fa fa-fw"></i>
  </div>

    </div>

    <div id="before-2" class="inner-level collapse collapsable-details ">
              <div class="hook">
          <div class="brief passed">
            <span class="keyword indention">Before</span>
                          <span class="location name">TestContext.setUp(Scenario)</span>
                        
  <span class="lead-duration duration">0.125</span>

          </div>

                      

          
                    

          
  
        </div>
          </div>
  </div>


    
<div class="steps inner-level">
    <div data-toggle="collapse" class=" collapsable-control" data-target="#steps-3">
    
<div class="brief failed">
  <span class="keyword indention">Steps</span>
  <span class="name"></span>
  

       <i class="chevron fa fa-fw"></i>
  </div>

  </div>

  <div id="steps-3" class="inner-level collapse collapsable-details  in ">
          <div class="step">
        
<div class="brief failed">
  <span class="keyword indention">Given</span>
  <span class="name">User logged in as &quot;<span class="argument">supplier</span>&quot; in admin panel</span>
  
  <span class="lead-duration duration">23.396</span>

</div>

        

        

  <div class="inner-level">
    <div class="message indention">
      <div data-toggle="collapse" class=" collapsable-control" data-target="#msg-4">
          <a>org.openqa.selenium.WebDriverException:</a>
      </div>
      <div id="msg-4" class="collapse collapsable-details  in ">
        <pre>org.openqa.selenium.WebDriverException: Appium error: Method has not yet been implemented (WARNING: The server did not provide any stacktrace information)
Command duration or timeout: 0 milliseconds
Build info: version: '3.141.59', revision: 'e82be7d358', time: '2018-11-14T08:17:03'
System info: host: 'LTIN181239', ip: '192.168.1.3', os.name: 'Windows 10', os.arch: 'amd64', os.version: '10.0', java.version: '1.8.0_181'
Driver info: org.openqa.selenium.remote.RemoteWebDriver
Capabilities {64bit: false, acceptInsecureCerts: true, acceptSslCert: false, acceptSslCerts: false, automationName: XCUITest, bootstrapPath: /usr/local/.browserstack/co..., browser: iphone, browserName: safari, browserstack.isTargetBased: false, databaseEnabled: false, detected_language: selenium/3.141.59 (java win..., device: iphone, deviceName: iPhone 8 Plus, deviceOrientation: PORTRAIT, javascriptEnabled: true, locationContextEnabled: false, mobile: {browser: mobile, version: iPhone 8 Plus-11.0}, networkConnectionEnabled: false, newCommandTimeout: 0, new_bucketing: true, noReset: true, orientation: PORTRAIT, orig_os: ios, osVersion: 11, os_version: 11, platform: MAC, platformName: MAC, realMobile: true, real_mobile: true, safariIgnoreFraudWarning: true, safariInitialUrl: http://mobile-internet-chec..., sessionName: TC-TBD_Verify that newly cr..., takesScreenshot: true, udid: aaa51c5c3cdb93086e04cc42c7a..., useXctestrunFile: true, version: , wda_port: 8403, webStorageEnabled: false, webkitResponseTimeout: 20000}
Session ID: ea2cc32c128ac65d2d7fef1b033a25f908686ece
	at sun.reflect.NativeConstructorAccessorImpl.newInstance0(Native Method)
	at sun.reflect.NativeConstructorAccessorImpl.newInstance(NativeConstructorAccessorImpl.java:62)
	at sun.reflect.DelegatingConstructorAccessorImpl.newInstance(DelegatingConstructorAccessorImpl.java:45)
	at java.lang.reflect.Constructor.newInstance(Constructor.java:423)
	at org.openqa.selenium.remote.ErrorHandler.createThrowable(ErrorHandler.java:214)
	at org.openqa.selenium.remote.ErrorHandler.throwIfResponseFailed(ErrorHandler.java:166)
	at org.openqa.selenium.remote.http.JsonHttpResponseCodec.reconstructValue(JsonHttpResponseCodec.java:40)
	at org.openqa.selenium.remote.http.AbstractHttpResponseCodec.decode(AbstractHttpResponseCodec.java:80)
	at org.openqa.selenium.remote.http.AbstractHttpResponseCodec.decode(AbstractHttpResponseCodec.java:44)
	at org.openqa.selenium.remote.HttpCommandExecutor.execute(HttpCommandExecutor.java:158)
	at org.openqa.selenium.remote.RemoteWebDriver.execute(RemoteWebDriver.java:552)
	at org.openqa.selenium.remote.RemoteWebDriver.execute(RemoteWebDriver.java:609)
	at org.openqa.selenium.remote.RemoteWebDriver$RemoteWebDriverOptions$RemoteWindow.maximize(RemoteWebDriver.java:837)
	at com.scale.bat.framework.utility.BrowserFactory.initiateDriver(BrowserFactory.java:114)
	at com.scale.bat.context.TestContext.user_logged_as_in_admin_panel(TestContext.java:61)
	at &#10045;.User logged in as &quot;supplier&quot; in admin panel(file:src/test/resources/FeatureFiles/E2ETestCases/ETE-Product-Management.feature:5)
</pre>
      </div>
    </div>
  </div>


        
        

        

        
  
        

      </div>
          <div class="step">
        
<div class="brief skipped">
  <span class="keyword indention">And</span>
  <span class="name">User click on &quot;<span class="argument">productcatalogues</span>&quot; link on main sidebar</span>
  
  <span class="lead-duration duration">0.000</span>

</div>

        

        


        
        

        

        
  
        

      </div>
          <div class="step">
        
<div class="brief skipped">
  <span class="keyword indention">And</span>
  <span class="name">User clicks on show link to view products</span>
  
  <span class="lead-duration duration">0.000</span>

</div>

        

        


        
        

        

        
  
        

      </div>
          <div class="step">
        
<div class="brief skipped">
  <span class="keyword indention">When</span>
  <span class="name">User creates a product</span>
  
  <span class="lead-duration duration">0.000</span>

</div>

        

        


        
        

        

        
  
        

      </div>
          <div class="step">
        
<div class="brief skipped">
  <span class="keyword indention">And</span>
  <span class="name">User log off and close the application</span>
  
  <span class="lead-duration duration">0.000</span>

</div>

        

        


        
        

        

        
  
        

      </div>
          <div class="step">
        
<div class="brief skipped">
  <span class="keyword indention">And</span>
  <span class="name">User navigates to BuyerUI</span>
  
  <span class="lead-duration duration">0.000</span>

</div>

        

        


        
        

        

        
  
        

      </div>
          <div class="step">
        
<div class="brief skipped">
  <span class="keyword indention">And</span>
  <span class="name">User login to buyerUI</span>
  
  <span class="lead-duration duration">0.000</span>

</div>

        

        


        
        

        

        
  
        

      </div>
          <div class="step">
        
<div class="brief skipped">
  <span class="keyword indention">When</span>
  <span class="name">User search a product with SKU number</span>
  
  <span class="lead-duration duration">0.000</span>

</div>

        

        


        
        

        

        
  
        

      </div>
          <div class="step">
        
<div class="brief skipped">
  <span class="keyword indention">Then</span>
  <span class="name">verify the product details in buyers UI</span>
  
  <span class="lead-duration duration">0.000</span>

</div>

        

        


        
        

        

        
  
        

      </div>
      </div>
</div>


    
  <div class="inner-level hooks-element-after">
        <div data-toggle="collapse" class=" collapsed  collapsable-control" data-target="#after-5">
      
<div class="brief passed">
  <span class="keyword indention">Hooks</span>
  <span class="name"></span>
  

       <i class="chevron fa fa-fw"></i>
  </div>

    </div>

    <div id="after-5" class="inner-level collapse collapsable-details ">
              <div class="hook">
          <div class="brief passed">
            <span class="keyword indention">After</span>
                          <span class="location name">TestContext.cleanUp()</span>
                        
  <span class="lead-duration duration">0.000</span>

          </div>

                      

          
                    

          
  
        </div>
          </div>
  </div>

  </div>
</div>

                  
<div class="element">
      <div class="indention">
      <b>Feature:</b>
      <a href="report-feature_2581738405.html">This User story covers the ETE functionality from creating a product in admin UI to validating the product in Buyer's UI#</a>
    </div>
  
  
<div class="tags indention">
      <b>Tags:</b>
           <a href="report-tag_1758989130.html">@e2eTC2</a>
           <a href="report-tag_2260366117.html">@TestE2E</a>
      </div>

  
  <span class="lead-duration duration">17.788</span>


    <span data-toggle="collapse" class=" collapsable-control" data-target="#element-6">
    
<div class="brief failed">
  <span class="keyword indention">Scenario</span>
  <span class="name">TC-TBD_Verify that newly created product from UI is available on Buyers Ui</span>
  

       <i class="chevron fa fa-fw"></i>
  </div>

  </span>
  <div class="description indention"></div>

  <div id="element-6" class="collapse collapsable-details  in ">
    
  <div class="inner-level hooks-element-before">
        <div data-toggle="collapse" class=" collapsed  collapsable-control" data-target="#before-7">
      
<div class="brief passed">
  <span class="keyword indention">Hooks</span>
  <span class="name"></span>
  

       <i class="chevron fa fa-fw"></i>
  </div>

    </div>

    <div id="before-7" class="inner-level collapse collapsable-details ">
              <div class="hook">
          <div class="brief passed">
            <span class="keyword indention">Before</span>
                          <span class="location name">TestContext.setUp(Scenario)</span>
                        
  <span class="lead-duration duration">0.002</span>

          </div>

                      

          
                    

          
  
        </div>
          </div>
  </div>


    
<div class="steps inner-level">
    <div data-toggle="collapse" class=" collapsable-control" data-target="#steps-8">
    
<div class="brief failed">
  <span class="keyword indention">Steps</span>
  <span class="name"></span>
  

       <i class="chevron fa fa-fw"></i>
  </div>

  </div>

  <div id="steps-8" class="inner-level collapse collapsable-details  in ">
          <div class="step">
        
<div class="brief failed">
  <span class="keyword indention">Given</span>
  <span class="name">User logged in as &quot;<span class="argument">supplier1</span>&quot; in admin panel</span>
  
  <span class="lead-duration duration">17.787</span>

</div>

        

        

  <div class="inner-level">
    <div class="message indention">
      <div data-toggle="collapse" class=" collapsable-control" data-target="#msg-9">
          <a>org.openqa.selenium.WebDriverException:</a>
      </div>
      <div id="msg-9" class="collapse collapsable-details  in ">
        <pre>org.openqa.selenium.WebDriverException: Appium error: Method has not yet been implemented (WARNING: The server did not provide any stacktrace information)
Command duration or timeout: 0 milliseconds
Build info: version: '3.141.59', revision: 'e82be7d358', time: '2018-11-14T08:17:03'
System info: host: 'LTIN181239', ip: '192.168.1.3', os.name: 'Windows 10', os.arch: 'amd64', os.version: '10.0', java.version: '1.8.0_181'
Driver info: org.openqa.selenium.remote.RemoteWebDriver
Capabilities {64bit: false, acceptInsecureCerts: true, acceptSslCert: false, acceptSslCerts: false, automationName: XCUITest, bootstrapPath: /usr/local/.browserstack/co..., browser: iphone, browserName: safari, browserstack.isTargetBased: false, databaseEnabled: false, detected_language: selenium/3.141.59 (java win..., device: iphone, deviceName: iPhone 8 Plus, deviceOrientation: PORTRAIT, javascriptEnabled: true, locationContextEnabled: false, mobile: {browser: mobile, version: iPhone 8 Plus-11.0}, networkConnectionEnabled: false, newCommandTimeout: 0, new_bucketing: true, noReset: true, orientation: PORTRAIT, orig_os: ios, osVersion: 11, os_version: 11, platform: MAC, platformName: MAC, realMobile: true, real_mobile: true, safariIgnoreFraudWarning: true, safariInitialUrl: http://mobile-internet-chec..., sessionName: TC-TBD_Verify that newly cr..., takesScreenshot: true, udid: c3f75a627e4e9e2905f0c23110b..., useXctestrunFile: true, version: , wda_port: 8404, webStorageEnabled: false, webkitResponseTimeout: 20000}
Session ID: 8c7cb546661aa91d86087b9374a04388a2b10795
	at sun.reflect.NativeConstructorAccessorImpl.newInstance0(Native Method)
	at sun.reflect.NativeConstructorAccessorImpl.newInstance(NativeConstructorAccessorImpl.java:62)
	at sun.reflect.DelegatingConstructorAccessorImpl.newInstance(DelegatingConstructorAccessorImpl.java:45)
	at java.lang.reflect.Constructor.newInstance(Constructor.java:423)
	at org.openqa.selenium.remote.ErrorHandler.createThrowable(ErrorHandler.java:214)
	at org.openqa.selenium.remote.ErrorHandler.throwIfResponseFailed(ErrorHandler.java:166)
	at org.openqa.selenium.remote.http.JsonHttpResponseCodec.reconstructValue(JsonHttpResponseCodec.java:40)
	at org.openqa.selenium.remote.http.AbstractHttpResponseCodec.decode(AbstractHttpResponseCodec.java:80)
	at org.openqa.selenium.remote.http.AbstractHttpResponseCodec.decode(AbstractHttpResponseCodec.java:44)
	at org.openqa.selenium.remote.HttpCommandExecutor.execute(HttpCommandExecutor.java:158)
	at org.openqa.selenium.remote.RemoteWebDriver.execute(RemoteWebDriver.java:552)
	at org.openqa.selenium.remote.RemoteWebDriver.execute(RemoteWebDriver.java:609)
	at org.openqa.selenium.remote.RemoteWebDriver$RemoteWebDriverOptions$RemoteWindow.maximize(RemoteWebDriver.java:837)
	at com.scale.bat.framework.utility.BrowserFactory.initiateDriver(BrowserFactory.java:114)
	at com.scale.bat.context.TestContext.user_logged_as_in_admin_panel(TestContext.java:61)
	at &#10045;.User logged in as &quot;supplier1&quot; in admin panel(file:src/test/resources/FeatureFiles/E2ETestCases/ETE-Product-Management.feature:21)
</pre>
      </div>
    </div>
  </div>


        
        

        

        
  
        

      </div>
          <div class="step">
        
<div class="brief skipped">
  <span class="keyword indention">And</span>
  <span class="name">User click on &quot;<span class="argument">productcatalogues</span>&quot; link on main sidebar</span>
  
  <span class="lead-duration duration">0.000</span>

</div>

        

        


        
        

        

        
  
        

      </div>
          <div class="step">
        
<div class="brief skipped">
  <span class="keyword indention">And</span>
  <span class="name">User clicks on show link to view products</span>
  
  <span class="lead-duration duration">0.000</span>

</div>

        

        


        
        

        

        
  
        

      </div>
          <div class="step">
        
<div class="brief skipped">
  <span class="keyword indention">When</span>
  <span class="name">User creates a product</span>
  
  <span class="lead-duration duration">0.000</span>

</div>

        

        


        
        

        

        
  
        

      </div>
          <div class="step">
        
<div class="brief skipped">
  <span class="keyword indention">And</span>
  <span class="name">User log off and close the application</span>
  
  <span class="lead-duration duration">0.000</span>

</div>

        

        


        
        

        

        
  
        

      </div>
          <div class="step">
        
<div class="brief skipped">
  <span class="keyword indention">And</span>
  <span class="name">User navigates to BuyerUI</span>
  
  <span class="lead-duration duration">0.000</span>

</div>

        

        


        
        

        

        
  
        

      </div>
          <div class="step">
        
<div class="brief skipped">
  <span class="keyword indention">And</span>
  <span class="name">User login to buyerUI</span>
  
  <span class="lead-duration duration">0.000</span>

</div>

        

        


        
        

        

        
  
        

      </div>
          <div class="step">
        
<div class="brief skipped">
  <span class="keyword indention">And</span>
  <span class="name">User search a product with SKU number</span>
  
  <span class="lead-duration duration">0.000</span>

</div>

        

        


        
        

        

        
  
        

      </div>
          <div class="step">
        
<div class="brief skipped">
  <span class="keyword indention">When</span>
  <span class="name">verify the product details in buyers UI</span>
  
  <span class="lead-duration duration">0.000</span>

</div>

        

        


        
        

        

        
  
        

      </div>
          <div class="step">
        
<div class="brief skipped">
  <span class="keyword indention">Then</span>
  <span class="name">User Validate last updated product by supplier <span class="argument">&quot;Supplier1&quot;</span> is showing in PDP price table on buyers UI</span>
  
  <span class="lead-duration duration">0.000</span>

</div>

        

        


        
        

        

        
  
        

      </div>
      </div>
</div>


    
  <div class="inner-level hooks-element-after">
        <div data-toggle="collapse" class=" collapsed  collapsable-control" data-target="#after-10">
      
<div class="brief passed">
  <span class="keyword indention">Hooks</span>
  <span class="name"></span>
  

       <i class="chevron fa fa-fw"></i>
  </div>

    </div>

    <div id="after-10" class="inner-level collapse collapsable-details ">
              <div class="hook">
          <div class="brief passed">
            <span class="keyword indention">After</span>
                          <span class="location name">TestContext.cleanUp()</span>
                        
  <span class="lead-duration duration">0.001</span>

          </div>

                      

          
                    

          
  
        </div>
          </div>
  </div>

  </div>
</div>

                  
<div class="element">
      <div class="indention">
      <b>Feature:</b>
      <a href="report-feature_2581738405.html">This User story covers the ETE functionality from creating a product in admin UI to validating the product in Buyer's UI#</a>
    </div>
  
  
<div class="tags indention">
      <b>Tags:</b>
           <a href="report-tag_1758989131.html">@e2eTC3</a>
           <a href="report-tag_2260366117.html">@TestE2E</a>
      </div>

  
  <span class="lead-duration duration">16.458</span>


    <span data-toggle="collapse" class=" collapsable-control" data-target="#element-11">
    
<div class="brief failed">
  <span class="keyword indention">Scenario</span>
  <span class="name">TC-TBD_Verify that updated product from UI is available on Buyers Ui with updates</span>
  

       <i class="chevron fa fa-fw"></i>
  </div>

  </span>
  <div class="description indention"></div>

  <div id="element-11" class="collapse collapsable-details  in ">
    
  <div class="inner-level hooks-element-before">
        <div data-toggle="collapse" class=" collapsed  collapsable-control" data-target="#before-12">
      
<div class="brief passed">
  <span class="keyword indention">Hooks</span>
  <span class="name"></span>
  

       <i class="chevron fa fa-fw"></i>
  </div>

    </div>

    <div id="before-12" class="inner-level collapse collapsable-details ">
              <div class="hook">
          <div class="brief passed">
            <span class="keyword indention">Before</span>
                          <span class="location name">TestContext.setUp(Scenario)</span>
                        
  <span class="lead-duration duration">0.007</span>

          </div>

                      

          
                    

          
  
        </div>
          </div>
  </div>


    
<div class="steps inner-level">
    <div data-toggle="collapse" class=" collapsable-control" data-target="#steps-13">
    
<div class="brief failed">
  <span class="keyword indention">Steps</span>
  <span class="name"></span>
  

       <i class="chevron fa fa-fw"></i>
  </div>

  </div>

  <div id="steps-13" class="inner-level collapse collapsable-details  in ">
          <div class="step">
        
<div class="brief failed">
  <span class="keyword indention">Given</span>
  <span class="name">User logged in as &quot;<span class="argument">supplier</span>&quot; in admin panel</span>
  
  <span class="lead-duration duration">16.458</span>

</div>

        

        

  <div class="inner-level">
    <div class="message indention">
      <div data-toggle="collapse" class=" collapsable-control" data-target="#msg-14">
          <a>org.openqa.selenium.WebDriverException:</a>
      </div>
      <div id="msg-14" class="collapse collapsable-details  in ">
        <pre>org.openqa.selenium.WebDriverException: Appium error: Method has not yet been implemented (WARNING: The server did not provide any stacktrace information)
Command duration or timeout: 0 milliseconds
Build info: version: '3.141.59', revision: 'e82be7d358', time: '2018-11-14T08:17:03'
System info: host: 'LTIN181239', ip: '192.168.1.3', os.name: 'Windows 10', os.arch: 'amd64', os.version: '10.0', java.version: '1.8.0_181'
Driver info: org.openqa.selenium.remote.RemoteWebDriver
Capabilities {64bit: false, acceptInsecureCerts: true, acceptSslCert: false, acceptSslCerts: false, automationName: XCUITest, bootstrapPath: /usr/local/.browserstack/co..., browser: iphone, browserName: safari, browserstack.isTargetBased: false, databaseEnabled: false, detected_language: selenium/3.141.59 (java win..., device: iphone, deviceName: iPhone 8 Plus, deviceOrientation: PORTRAIT, javascriptEnabled: true, locationContextEnabled: false, mobile: {browser: mobile, version: iPhone 8 Plus-11.0}, networkConnectionEnabled: false, newCommandTimeout: 0, new_bucketing: true, noReset: true, orientation: PORTRAIT, orig_os: ios, osVersion: 11, os_version: 11, platform: MAC, platformName: MAC, realMobile: true, real_mobile: true, safariIgnoreFraudWarning: true, safariInitialUrl: http://mobile-internet-chec..., sessionName: TC-TBD_Verify that updated ..., takesScreenshot: true, udid: 1a83af64cb3f410618d6be74d3e..., useXctestrunFile: true, version: , wda_port: 8400, webStorageEnabled: false, webkitResponseTimeout: 20000}
Session ID: c96399e2b4966e2ff0be230eaa9a8c5711059503
	at sun.reflect.NativeConstructorAccessorImpl.newInstance0(Native Method)
	at sun.reflect.NativeConstructorAccessorImpl.newInstance(NativeConstructorAccessorImpl.java:62)
	at sun.reflect.DelegatingConstructorAccessorImpl.newInstance(DelegatingConstructorAccessorImpl.java:45)
	at java.lang.reflect.Constructor.newInstance(Constructor.java:423)
	at org.openqa.selenium.remote.ErrorHandler.createThrowable(ErrorHandler.java:214)
	at org.openqa.selenium.remote.ErrorHandler.throwIfResponseFailed(ErrorHandler.java:166)
	at org.openqa.selenium.remote.http.JsonHttpResponseCodec.reconstructValue(JsonHttpResponseCodec.java:40)
	at org.openqa.selenium.remote.http.AbstractHttpResponseCodec.decode(AbstractHttpResponseCodec.java:80)
	at org.openqa.selenium.remote.http.AbstractHttpResponseCodec.decode(AbstractHttpResponseCodec.java:44)
	at org.openqa.selenium.remote.HttpCommandExecutor.execute(HttpCommandExecutor.java:158)
	at org.openqa.selenium.remote.RemoteWebDriver.execute(RemoteWebDriver.java:552)
	at org.openqa.selenium.remote.RemoteWebDriver.execute(RemoteWebDriver.java:609)
	at org.openqa.selenium.remote.RemoteWebDriver$RemoteWebDriverOptions$RemoteWindow.maximize(RemoteWebDriver.java:837)
	at com.scale.bat.framework.utility.BrowserFactory.initiateDriver(BrowserFactory.java:114)
	at com.scale.bat.context.TestContext.user_logged_as_in_admin_panel(TestContext.java:61)
	at &#10045;.User logged in as &quot;supplier&quot; in admin panel(file:src/test/resources/FeatureFiles/E2ETestCases/ETE-Product-Management.feature:39)
</pre>
      </div>
    </div>
  </div>


        
        

        

        
  
        

      </div>
          <div class="step">
        
<div class="brief skipped">
  <span class="keyword indention">And</span>
  <span class="name">User click on &quot;<span class="argument">productcatalogues</span>&quot; link on main sidebar</span>
  
  <span class="lead-duration duration">0.000</span>

</div>

        

        


        
        

        

        
  
        

      </div>
          <div class="step">
        
<div class="brief skipped">
  <span class="keyword indention">And</span>
  <span class="name">User clicks on show link to view products</span>
  
  <span class="lead-duration duration">0.000</span>

</div>

        

        


        
        

        

        
  
        

      </div>
          <div class="step">
        
<div class="brief skipped">
  <span class="keyword indention">And</span>
  <span class="name">User clicks on edit button to view product details</span>
  
  <span class="lead-duration duration">0.000</span>

</div>

        

        


        
        

        

        
  
        

      </div>
          <div class="step">
        
<div class="brief skipped">
  <span class="keyword indention">When</span>
  <span class="name">User update the product details</span>
  
  <span class="lead-duration duration">0.000</span>

</div>

        

        


        
        

        

        
  
        

      </div>
          <div class="step">
        
<div class="brief skipped">
  <span class="keyword indention">And</span>
  <span class="name">User log off and close the application</span>
  
  <span class="lead-duration duration">0.000</span>

</div>

        

        


        
        

        

        
  
        

      </div>
          <div class="step">
        
<div class="brief skipped">
  <span class="keyword indention">And</span>
  <span class="name">User navigates to BuyerUI</span>
  
  <span class="lead-duration duration">0.000</span>

</div>

        

        


        
        

        

        
  
        

      </div>
          <div class="step">
        
<div class="brief skipped">
  <span class="keyword indention">And</span>
  <span class="name">User login to buyerUI</span>
  
  <span class="lead-duration duration">0.000</span>

</div>

        

        


        
        

        

        
  
        

      </div>
          <div class="step">
        
<div class="brief skipped">
  <span class="keyword indention">When</span>
  <span class="name">User search a product with SKU number</span>
  
  <span class="lead-duration duration">0.000</span>

</div>

        

        


        
        

        

        
  
        

      </div>
          <div class="step">
        
<div class="brief skipped">
  <span class="keyword indention">Then</span>
  <span class="name">verify the product details in buyers UI</span>
  
  <span class="lead-duration duration">0.000</span>

</div>

        

        


        
        

        

        
  
        

      </div>
          <div class="step">
        
<div class="brief skipped">
  <span class="keyword indention">Then</span>
  <span class="name">User Validate last updated product by supplier <span class="argument">&quot;supplier&quot;</span> is showing in PDP price table on buyers UI</span>
  
  <span class="lead-duration duration">0.000</span>

</div>

        

        


        
        

        

        
  
        

      </div>
      </div>
</div>


    
  <div class="inner-level hooks-element-after">
        <div data-toggle="collapse" class=" collapsed  collapsable-control" data-target="#after-15">
      
<div class="brief passed">
  <span class="keyword indention">Hooks</span>
  <span class="name"></span>
  

       <i class="chevron fa fa-fw"></i>
  </div>

    </div>

    <div id="after-15" class="inner-level collapse collapsable-details ">
              <div class="hook">
          <div class="brief passed">
            <span class="keyword indention">After</span>
                          <span class="location name">TestContext.cleanUp()</span>
                        
  <span class="lead-duration duration">0.000</span>

          </div>

                      

          
                    

          
  
        </div>
          </div>
  </div>

  </div>
</div>

                  
<div class="element">
      <div class="indention">
      <b>Feature:</b>
      <a href="report-feature_2581738405.html">This User story covers the ETE functionality from creating a product in admin UI to validating the product in Buyer's UI#</a>
    </div>
  
  
<div class="tags indention">
      <b>Tags:</b>
           <a href="report-tag_2210145489.html">@test</a>
           <a href="report-tag_2260366117.html">@TestE2E</a>
      </div>

  
  <span class="lead-duration duration">6:32.994</span>


    <span data-toggle="collapse" class=" collapsable-control" data-target="#element-16">
    
<div class="brief failed">
  <span class="keyword indention">Scenario</span>
  <span class="name">TC-TBD_Verify that unpublished product from UI is available on Buyers Ui with updates</span>
  

       <i class="chevron fa fa-fw"></i>
  </div>

  </span>
  <div class="description indention"></div>

  <div id="element-16" class="collapse collapsable-details  in ">
    
  <div class="inner-level hooks-element-before">
        <div data-toggle="collapse" class=" collapsed  collapsable-control" data-target="#before-17">
      
<div class="brief passed">
  <span class="keyword indention">Hooks</span>
  <span class="name"></span>
  

       <i class="chevron fa fa-fw"></i>
  </div>

    </div>

    <div id="before-17" class="inner-level collapse collapsable-details ">
              <div class="hook">
          <div class="brief passed">
            <span class="keyword indention">Before</span>
                          <span class="location name">TestContext.setUp(Scenario)</span>
                        
  <span class="lead-duration duration">0.007</span>

          </div>

                      

          
                    

          
  
        </div>
          </div>
  </div>


    
<div class="steps inner-level">
    <div data-toggle="collapse" class=" collapsable-control" data-target="#steps-18">
    
<div class="brief failed">
  <span class="keyword indention">Steps</span>
  <span class="name"></span>
  

       <i class="chevron fa fa-fw"></i>
  </div>

  </div>

  <div id="steps-18" class="inner-level collapse collapsable-details  in ">
          <div class="step">
        
<div class="brief failed">
  <span class="keyword indention">Given</span>
  <span class="name">User logged in as &quot;<span class="argument">supplier</span>&quot; in admin panel</span>
  
  <span class="lead-duration duration">6:32.994</span>

</div>

        

        

  <div class="inner-level">
    <div class="message indention">
      <div data-toggle="collapse" class=" collapsable-control" data-target="#msg-19">
          <a>org.openqa.selenium.WebDriverException:</a>
      </div>
      <div id="msg-19" class="collapse collapsable-details  in ">
        <pre>org.openqa.selenium.WebDriverException: Appium error: Method has not yet been implemented (WARNING: The server did not provide any stacktrace information)
Command duration or timeout: 0 milliseconds
Build info: version: '3.141.59', revision: 'e82be7d358', time: '2018-11-14T08:17:03'
System info: host: 'LTIN181239', ip: '192.168.1.3', os.name: 'Windows 10', os.arch: 'amd64', os.version: '10.0', java.version: '1.8.0_181'
Driver info: org.openqa.selenium.remote.RemoteWebDriver
Capabilities {64bit: false, acceptInsecureCerts: true, acceptSslCert: false, acceptSslCerts: false, automationName: XCUITest, bootstrapPath: /usr/local/.browserstack/co..., browser: iphone, browserName: safari, browserstack.isTargetBased: false, databaseEnabled: false, detected_language: selenium/3.141.59 (java win..., device: iphone, deviceName: iPhone 8 Plus, deviceOrientation: PORTRAIT, javascriptEnabled: true, locationContextEnabled: false, mobile: {browser: mobile, version: iPhone 8 Plus-11.0}, networkConnectionEnabled: false, newCommandTimeout: 0, new_bucketing: true, noReset: true, orientation: PORTRAIT, orig_os: ios, osVersion: 11, os_version: 11, platform: MAC, platformName: MAC, realMobile: true, real_mobile: true, safariIgnoreFraudWarning: true, safariInitialUrl: http://mobile-internet-chec..., sessionName: TC-TBD_Verify that unpublis..., takesScreenshot: true, udid: c3f75a627e4e9e2905f0c23110b..., useXctestrunFile: true, version: , wda_port: 8404, webStorageEnabled: false, webkitResponseTimeout: 20000}
Session ID: 8a63ed72488cd31f0e6265e3effa6c0b0c2f7124
	at sun.reflect.NativeConstructorAccessorImpl.newInstance0(Native Method)
	at sun.reflect.NativeConstructorAccessorImpl.newInstance(NativeConstructorAccessorImpl.java:62)
	at sun.reflect.DelegatingConstructorAccessorImpl.newInstance(DelegatingConstructorAccessorImpl.java:45)
	at java.lang.reflect.Constructor.newInstance(Constructor.java:423)
	at org.openqa.selenium.remote.ErrorHandler.createThrowable(ErrorHandler.java:214)
	at org.openqa.selenium.remote.ErrorHandler.throwIfResponseFailed(ErrorHandler.java:166)
	at org.openqa.selenium.remote.http.JsonHttpResponseCodec.reconstructValue(JsonHttpResponseCodec.java:40)
	at org.openqa.selenium.remote.http.AbstractHttpResponseCodec.decode(AbstractHttpResponseCodec.java:80)
	at org.openqa.selenium.remote.http.AbstractHttpResponseCodec.decode(AbstractHttpResponseCodec.java:44)
	at org.openqa.selenium.remote.HttpCommandExecutor.execute(HttpCommandExecutor.java:158)
	at org.openqa.selenium.remote.RemoteWebDriver.execute(RemoteWebDriver.java:552)
	at org.openqa.selenium.remote.RemoteWebDriver.execute(RemoteWebDriver.java:609)
	at org.openqa.selenium.remote.RemoteWebDriver$RemoteWebDriverOptions$RemoteWindow.maximize(RemoteWebDriver.java:837)
	at com.scale.bat.framework.utility.BrowserFactory.initiateDriver(BrowserFactory.java:114)
	at com.scale.bat.context.TestContext.user_logged_as_in_admin_panel(TestContext.java:61)
	at &#10045;.User logged in as &quot;supplier&quot; in admin panel(file:src/test/resources/FeatureFiles/E2ETestCases/ETE-Product-Management.feature:75)
</pre>
      </div>
    </div>
  </div>


        
        

        

        
  
        

      </div>
          <div class="step">
        
<div class="brief skipped">
  <span class="keyword indention">And</span>
  <span class="name">User click on &quot;<span class="argument">productcatalogues</span>&quot; link on main sidebar</span>
  
  <span class="lead-duration duration">0.000</span>

</div>

        

        


        
        

        

        
  
        

      </div>
          <div class="step">
        
<div class="brief skipped">
  <span class="keyword indention">And</span>
  <span class="name">User clicks on show link to view products</span>
  
  <span class="lead-duration duration">0.000</span>

</div>

        

        


        
        

        

        
  
        

      </div>
          <div class="step">
        
<div class="brief skipped">
  <span class="keyword indention">And</span>
  <span class="name">User clicks on edit button to view product details</span>
  
  <span class="lead-duration duration">0.000</span>

</div>

        

        


        
        

        

        
  
        

      </div>
          <div class="step">
        
<div class="brief skipped">
  <span class="keyword indention">When</span>
  <span class="name">User clicks on &quot;<span class="argument">Unpublish</span>&quot; button on product details page</span>
  
  <span class="lead-duration duration">0.000</span>

</div>

        

        


        
        

        

        
  
        

      </div>
          <div class="step">
        
<div class="brief skipped">
  <span class="keyword indention">And</span>
  <span class="name">User log off and close the application</span>
  
  <span class="lead-duration duration">0.000</span>

</div>

        

        


        
        

        

        
  
        

      </div>
          <div class="step">
        
<div class="brief skipped">
  <span class="keyword indention">And</span>
  <span class="name">User navigates to BuyerUI</span>
  
  <span class="lead-duration duration">0.000</span>

</div>

        

        


        
        

        

        
  
        

      </div>
          <div class="step">
        
<div class="brief skipped">
  <span class="keyword indention">And</span>
  <span class="name">User login to buyerUI</span>
  
  <span class="lead-duration duration">0.000</span>

</div>

        

        


        
        

        

        
  
        

      </div>
          <div class="step">
        
<div class="brief skipped">
  <span class="keyword indention">When</span>
  <span class="name">User search a product with SKU number</span>
  
  <span class="lead-duration duration">0.000</span>

</div>

        

        


        
        

        

        
  
        

      </div>
          <div class="step">
        
<div class="brief skipped">
  <span class="keyword indention">Then</span>
  <span class="name">verify the product details should not be available on buyers UI</span>
  
  <span class="lead-duration duration">0.000</span>

</div>

        

        


        
        

        

        
  
        

      </div>
      </div>
</div>


    
  <div class="inner-level hooks-element-after">
        <div data-toggle="collapse" class=" collapsed  collapsable-control" data-target="#after-20">
      
<div class="brief passed">
  <span class="keyword indention">Hooks</span>
  <span class="name"></span>
  

       <i class="chevron fa fa-fw"></i>
  </div>

    </div>

    <div id="after-20" class="inner-level collapse collapsable-details ">
              <div class="hook">
          <div class="brief passed">
            <span class="keyword indention">After</span>
                          <span class="location name">TestContext.cleanUp()</span>
                        
  <span class="lead-duration duration">0.000</span>

          </div>

                      

          
                    

          
  
        </div>
          </div>
  </div>

  </div>
</div>

                  
<div class="element">
      <div class="indention">
      <b>Feature:</b>
      <a href="report-feature_2581738405.html">This User story covers the ETE functionality from creating a product in admin UI to validating the product in Buyer's UI#</a>
    </div>
  
  
<div class="tags indention">
      <b>Tags:</b>
           <a href="report-tag_2210145489.html">@test</a>
           <a href="report-tag_2260366117.html">@TestE2E</a>
      </div>

  
  <span class="lead-duration duration">17.182</span>


    <span data-toggle="collapse" class=" collapsable-control" data-target="#element-21">
    
<div class="brief failed">
  <span class="keyword indention">Scenario</span>
  <span class="name">TC-TBD_Verify that deleted product from UI is not available on Buyers Ui with updates</span>
  

       <i class="chevron fa fa-fw"></i>
  </div>

  </span>
  <div class="description indention"></div>

  <div id="element-21" class="collapse collapsable-details  in ">
    
  <div class="inner-level hooks-element-before">
        <div data-toggle="collapse" class=" collapsed  collapsable-control" data-target="#before-22">
      
<div class="brief passed">
  <span class="keyword indention">Hooks</span>
  <span class="name"></span>
  

       <i class="chevron fa fa-fw"></i>
  </div>

    </div>

    <div id="before-22" class="inner-level collapse collapsable-details ">
              <div class="hook">
          <div class="brief passed">
            <span class="keyword indention">Before</span>
                          <span class="location name">TestContext.setUp(Scenario)</span>
                        
  <span class="lead-duration duration">0.012</span>

          </div>

                      

          
                    

          
  
        </div>
          </div>
  </div>


    
<div class="steps inner-level">
    <div data-toggle="collapse" class=" collapsable-control" data-target="#steps-23">
    
<div class="brief failed">
  <span class="keyword indention">Steps</span>
  <span class="name"></span>
  

       <i class="chevron fa fa-fw"></i>
  </div>

  </div>

  <div id="steps-23" class="inner-level collapse collapsable-details  in ">
          <div class="step">
        
<div class="brief failed">
  <span class="keyword indention">Given</span>
  <span class="name">User logged in as &quot;<span class="argument">supplier</span>&quot; in admin panel</span>
  
  <span class="lead-duration duration">17.182</span>

</div>

        

        

  <div class="inner-level">
    <div class="message indention">
      <div data-toggle="collapse" class=" collapsable-control" data-target="#msg-24">
          <a>org.openqa.selenium.WebDriverException:</a>
      </div>
      <div id="msg-24" class="collapse collapsable-details  in ">
        <pre>org.openqa.selenium.WebDriverException: Appium error: Method has not yet been implemented (WARNING: The server did not provide any stacktrace information)
Command duration or timeout: 0 milliseconds
Build info: version: '3.141.59', revision: 'e82be7d358', time: '2018-11-14T08:17:03'
System info: host: 'LTIN181239', ip: '192.168.1.3', os.name: 'Windows 10', os.arch: 'amd64', os.version: '10.0', java.version: '1.8.0_181'
Driver info: org.openqa.selenium.remote.RemoteWebDriver
Capabilities {64bit: false, acceptInsecureCerts: true, acceptSslCert: false, acceptSslCerts: false, automationName: XCUITest, bootstrapPath: /usr/local/.browserstack/co..., browser: iphone, browserName: safari, browserstack.isTargetBased: false, databaseEnabled: false, detected_language: selenium/3.141.59 (java win..., device: iphone, deviceName: iPhone 8 Plus, deviceOrientation: PORTRAIT, javascriptEnabled: true, locationContextEnabled: false, mobile: {browser: mobile, version: iPhone 8 Plus-11.0}, networkConnectionEnabled: false, newCommandTimeout: 0, new_bucketing: true, noReset: true, orientation: PORTRAIT, orig_os: ios, osVersion: 11, os_version: 11, platform: MAC, platformName: MAC, realMobile: true, real_mobile: true, safariIgnoreFraudWarning: true, safariInitialUrl: http://mobile-internet-chec..., sessionName: TC-TBD_Verify that deleted ..., takesScreenshot: true, udid: 2f4374fee4d561029370037ac6d..., useXctestrunFile: true, version: , wda_port: 8405, webStorageEnabled: false, webkitResponseTimeout: 20000}
Session ID: 4c1c3c7453b88b0c2456ca21688a946a0024d242
	at sun.reflect.NativeConstructorAccessorImpl.newInstance0(Native Method)
	at sun.reflect.NativeConstructorAccessorImpl.newInstance(NativeConstructorAccessorImpl.java:62)
	at sun.reflect.DelegatingConstructorAccessorImpl.newInstance(DelegatingConstructorAccessorImpl.java:45)
	at java.lang.reflect.Constructor.newInstance(Constructor.java:423)
	at org.openqa.selenium.remote.ErrorHandler.createThrowable(ErrorHandler.java:214)
	at org.openqa.selenium.remote.ErrorHandler.throwIfResponseFailed(ErrorHandler.java:166)
	at org.openqa.selenium.remote.http.JsonHttpResponseCodec.reconstructValue(JsonHttpResponseCodec.java:40)
	at org.openqa.selenium.remote.http.AbstractHttpResponseCodec.decode(AbstractHttpResponseCodec.java:80)
	at org.openqa.selenium.remote.http.AbstractHttpResponseCodec.decode(AbstractHttpResponseCodec.java:44)
	at org.openqa.selenium.remote.HttpCommandExecutor.execute(HttpCommandExecutor.java:158)
	at org.openqa.selenium.remote.RemoteWebDriver.execute(RemoteWebDriver.java:552)
	at org.openqa.selenium.remote.RemoteWebDriver.execute(RemoteWebDriver.java:609)
	at org.openqa.selenium.remote.RemoteWebDriver$RemoteWebDriverOptions$RemoteWindow.maximize(RemoteWebDriver.java:837)
	at com.scale.bat.framework.utility.BrowserFactory.initiateDriver(BrowserFactory.java:114)
	at com.scale.bat.context.TestContext.user_logged_as_in_admin_panel(TestContext.java:61)
	at &#10045;.User logged in as &quot;supplier&quot; in admin panel(file:src/test/resources/FeatureFiles/E2ETestCases/ETE-Product-Management.feature:91)
</pre>
      </div>
    </div>
  </div>


        
        

        

        
  
        

      </div>
          <div class="step">
        
<div class="brief skipped">
  <span class="keyword indention">And</span>
  <span class="name">User click on &quot;<span class="argument">productcatalogues</span>&quot; link on main sidebar</span>
  
  <span class="lead-duration duration">0.000</span>

</div>

        

        


        
        

        

        
  
        

      </div>
          <div class="step">
        
<div class="brief skipped">
  <span class="keyword indention">And</span>
  <span class="name">User clicks on show link to view products</span>
  
  <span class="lead-duration duration">0.000</span>

</div>

        

        


        
        

        

        
  
        

      </div>
          <div class="step">
        
<div class="brief skipped">
  <span class="keyword indention">When</span>
  <span class="name">User delete a product</span>
  
  <span class="lead-duration duration">0.000</span>

</div>

        

        


        
        

        

        
  
        

      </div>
          <div class="step">
        
<div class="brief skipped">
  <span class="keyword indention">And</span>
  <span class="name">User log off and close the application</span>
  
  <span class="lead-duration duration">0.000</span>

</div>

        

        


        
        

        

        
  
        

      </div>
          <div class="step">
        
<div class="brief skipped">
  <span class="keyword indention">And</span>
  <span class="name">User navigates to BuyerUI</span>
  
  <span class="lead-duration duration">0.000</span>

</div>

        

        


        
        

        

        
  
        

      </div>
          <div class="step">
        
<div class="brief skipped">
  <span class="keyword indention">And</span>
  <span class="name">User login to buyerUI</span>
  
  <span class="lead-duration duration">0.000</span>

</div>

        

        


        
        

        

        
  
        

      </div>
          <div class="step">
        
<div class="brief skipped">
  <span class="keyword indention">When</span>
  <span class="name">User search a product with SKU number</span>
  
  <span class="lead-duration duration">0.000</span>

</div>

        

        


        
        

        

        
  
        

      </div>
          <div class="step">
        
<div class="brief skipped">
  <span class="keyword indention">Then</span>
  <span class="name">verify the product details should not be available on buyers UI</span>
  
  <span class="lead-duration duration">0.000</span>

</div>

        

        


        
        

        

        
  
        

      </div>
      </div>
</div>


    
  <div class="inner-level hooks-element-after">
        <div data-toggle="collapse" class=" collapsed  collapsable-control" data-target="#after-25">
      
<div class="brief passed">
  <span class="keyword indention">Hooks</span>
  <span class="name"></span>
  

       <i class="chevron fa fa-fw"></i>
  </div>

    </div>

    <div id="after-25" class="inner-level collapse collapsable-details ">
              <div class="hook">
          <div class="brief passed">
            <span class="keyword indention">After</span>
                          <span class="location name">TestContext.cleanUp()</span>
                        
  <span class="lead-duration duration">0.000</span>

          </div>

                      

          
                    

          
  
        </div>
          </div>
  </div>

  </div>
</div>

                  
<div class="element">
      <div class="indention">
      <b>Feature:</b>
      <a href="report-feature_2581738405.html">This User story covers the ETE functionality from creating a product in admin UI to validating the product in Buyer's UI#</a>
    </div>
  
  
<div class="tags indention">
      <b>Tags:</b>
           <a href="report-tag_2210145489.html">@test</a>
           <a href="report-tag_2260366117.html">@TestE2E</a>
      </div>

  
  <span class="lead-duration duration">18.845</span>


    <span data-toggle="collapse" class=" collapsable-control" data-target="#element-26">
    
<div class="brief failed">
  <span class="keyword indention">Scenario</span>
  <span class="name">TC-TBD_Verify that deleted product from UI is not available on Buyers Ui with updates</span>
  

       <i class="chevron fa fa-fw"></i>
  </div>

  </span>
  <div class="description indention"></div>

  <div id="element-26" class="collapse collapsable-details  in ">
    
  <div class="inner-level hooks-element-before">
        <div data-toggle="collapse" class=" collapsed  collapsable-control" data-target="#before-27">
      
<div class="brief passed">
  <span class="keyword indention">Hooks</span>
  <span class="name"></span>
  

       <i class="chevron fa fa-fw"></i>
  </div>

    </div>

    <div id="before-27" class="inner-level collapse collapsable-details ">
              <div class="hook">
          <div class="brief passed">
            <span class="keyword indention">Before</span>
                          <span class="location name">TestContext.setUp(Scenario)</span>
                        
  <span class="lead-duration duration">0.002</span>

          </div>

                      

          
                    

          
  
        </div>
          </div>
  </div>


    
<div class="steps inner-level">
    <div data-toggle="collapse" class=" collapsable-control" data-target="#steps-28">
    
<div class="brief failed">
  <span class="keyword indention">Steps</span>
  <span class="name"></span>
  

       <i class="chevron fa fa-fw"></i>
  </div>

  </div>

  <div id="steps-28" class="inner-level collapse collapsable-details  in ">
          <div class="step">
        
<div class="brief failed">
  <span class="keyword indention">Given</span>
  <span class="name">User logged in as &quot;<span class="argument">supplier1</span>&quot; in admin panel</span>
  
  <span class="lead-duration duration">18.845</span>

</div>

        

        

  <div class="inner-level">
    <div class="message indention">
      <div data-toggle="collapse" class=" collapsable-control" data-target="#msg-29">
          <a>org.openqa.selenium.WebDriverException:</a>
      </div>
      <div id="msg-29" class="collapse collapsable-details  in ">
        <pre>org.openqa.selenium.WebDriverException: Appium error: Method has not yet been implemented (WARNING: The server did not provide any stacktrace information)
Command duration or timeout: 0 milliseconds
Build info: version: '3.141.59', revision: 'e82be7d358', time: '2018-11-14T08:17:03'
System info: host: 'LTIN181239', ip: '192.168.1.3', os.name: 'Windows 10', os.arch: 'amd64', os.version: '10.0', java.version: '1.8.0_181'
Driver info: org.openqa.selenium.remote.RemoteWebDriver
Capabilities {64bit: false, acceptInsecureCerts: true, acceptSslCert: false, acceptSslCerts: false, automationName: XCUITest, bootstrapPath: /usr/local/.browserstack/co..., browser: iphone, browserName: safari, browserstack.isTargetBased: false, databaseEnabled: false, detected_language: selenium/3.141.59 (java win..., device: iphone, deviceName: iPhone 8 Plus, deviceOrientation: PORTRAIT, javascriptEnabled: true, locationContextEnabled: false, mobile: {browser: mobile, version: iPhone 8 Plus-11.0}, networkConnectionEnabled: false, newCommandTimeout: 0, new_bucketing: true, noReset: true, orientation: PORTRAIT, orig_os: ios, osVersion: 11, os_version: 11, platform: MAC, platformName: MAC, realMobile: true, real_mobile: true, safariIgnoreFraudWarning: true, safariInitialUrl: http://mobile-internet-chec..., sessionName: TC-TBD_Verify that deleted ..., takesScreenshot: true, udid: ce1674855834ee79e0700fa1ca0..., useXctestrunFile: true, version: , wda_port: 8401, webStorageEnabled: false, webkitResponseTimeout: 20000}
Session ID: 3a0b30ce17f36b8dae2d61c2e605febabf10a556
	at sun.reflect.NativeConstructorAccessorImpl.newInstance0(Native Method)
	at sun.reflect.NativeConstructorAccessorImpl.newInstance(NativeConstructorAccessorImpl.java:62)
	at sun.reflect.DelegatingConstructorAccessorImpl.newInstance(DelegatingConstructorAccessorImpl.java:45)
	at java.lang.reflect.Constructor.newInstance(Constructor.java:423)
	at org.openqa.selenium.remote.ErrorHandler.createThrowable(ErrorHandler.java:214)
	at org.openqa.selenium.remote.ErrorHandler.throwIfResponseFailed(ErrorHandler.java:166)
	at org.openqa.selenium.remote.http.JsonHttpResponseCodec.reconstructValue(JsonHttpResponseCodec.java:40)
	at org.openqa.selenium.remote.http.AbstractHttpResponseCodec.decode(AbstractHttpResponseCodec.java:80)
	at org.openqa.selenium.remote.http.AbstractHttpResponseCodec.decode(AbstractHttpResponseCodec.java:44)
	at org.openqa.selenium.remote.HttpCommandExecutor.execute(HttpCommandExecutor.java:158)
	at org.openqa.selenium.remote.RemoteWebDriver.execute(RemoteWebDriver.java:552)
	at org.openqa.selenium.remote.RemoteWebDriver.execute(RemoteWebDriver.java:609)
	at org.openqa.selenium.remote.RemoteWebDriver$RemoteWebDriverOptions$RemoteWindow.maximize(RemoteWebDriver.java:837)
	at com.scale.bat.framework.utility.BrowserFactory.initiateDriver(BrowserFactory.java:114)
	at com.scale.bat.context.TestContext.user_logged_as_in_admin_panel(TestContext.java:61)
	at &#10045;.User logged in as &quot;supplier1&quot; in admin panel(file:src/test/resources/FeatureFiles/E2ETestCases/ETE-Product-Management.feature:107)
</pre>
      </div>
    </div>
  </div>


        
        

        

        
  
        

      </div>
          <div class="step">
        
<div class="brief skipped">
  <span class="keyword indention">And</span>
  <span class="name">User click on &quot;<span class="argument">productcatalogues</span>&quot; link on main sidebar</span>
  
  <span class="lead-duration duration">0.000</span>

</div>

        

        


        
        

        

        
  
        

      </div>
          <div class="step">
        
<div class="brief skipped">
  <span class="keyword indention">And</span>
  <span class="name">User clicks on show link to view products</span>
  
  <span class="lead-duration duration">0.000</span>

</div>

        

        


        
        

        

        
  
        

      </div>
          <div class="step">
        
<div class="brief skipped">
  <span class="keyword indention">When</span>
  <span class="name">User delete a product</span>
  
  <span class="lead-duration duration">0.000</span>

</div>

        

        


        
        

        

        
  
        

      </div>
          <div class="step">
        
<div class="brief skipped">
  <span class="keyword indention">And</span>
  <span class="name">User log off and close the application</span>
  
  <span class="lead-duration duration">0.000</span>

</div>

        

        


        
        

        

        
  
        

      </div>
          <div class="step">
        
<div class="brief skipped">
  <span class="keyword indention">And</span>
  <span class="name">User navigates to BuyerUI</span>
  
  <span class="lead-duration duration">0.000</span>

</div>

        

        


        
        

        

        
  
        

      </div>
          <div class="step">
        
<div class="brief skipped">
  <span class="keyword indention">And</span>
  <span class="name">User login to buyerUI</span>
  
  <span class="lead-duration duration">0.000</span>

</div>

        

        


        
        

        

        
  
        

      </div>
          <div class="step">
        
<div class="brief skipped">
  <span class="keyword indention">When</span>
  <span class="name">User search a product with SKU number</span>
  
  <span class="lead-duration duration">0.000</span>

</div>

        

        


        
        

        

        
  
        

      </div>
          <div class="step">
        
<div class="brief skipped">
  <span class="keyword indention">Then</span>
  <span class="name">verify the product details should not be available on buyers UI</span>
  
  <span class="lead-duration duration">0.000</span>

</div>

        

        


        
        

        

        
  
        

      </div>
      </div>
</div>


    
  <div class="inner-level hooks-element-after">
        <div data-toggle="collapse" class=" collapsed  collapsable-control" data-target="#after-30">
      
<div class="brief passed">
  <span class="keyword indention">Hooks</span>
  <span class="name"></span>
  

       <i class="chevron fa fa-fw"></i>
  </div>

    </div>

    <div id="after-30" class="inner-level collapse collapsable-details ">
              <div class="hook">
          <div class="brief passed">
            <span class="keyword indention">After</span>
                          <span class="location name">TestContext.cleanUp()</span>
                        
  <span class="lead-duration duration">0.001</span>

          </div>

                      

          
                    

          
  
        </div>
          </div>
  </div>

  </div>
</div>

        
      </div>
    </div>
  </div>
</div>


<div class="container-fluid">
  <div class="row">
    <div class="col-md-1 col-md-offset-10">
      <i class="fa fa-chevron-circle-down fa-2x collapsable-control"
        onClick="javascript:$('#report .collapsable-details').collapse('show')"></i>
      <i class="fa fa-chevron-circle-up fa-2x collapsable-control"
        onClick="javascript:$('#report .collapsable-details').collapse('hide')"></i>
    </div>
  </div>
</div>

<br>

<nav class="navbar navbar-default" id="footer">
  <div class="container-fluid">
    <p class="navbar-text navbar-right">
        <small>generate Cucumber HTML reports via:&nbsp;</small>
        <a class="navbar-link" href="https://github.com/jenkinsci/cucumber-reports-plugin">Jenkins Plugin</a> |
        <a class="navbar-link" href="https://github.com/damianszczepanik/cucumber-reporting">Standalone</a> |
        <a class="navbar-link" href="https://github.com/damianszczepanik/cucumber-sandwich">Sandwich</a> |
        <a class="navbar-link" href="https://github.com/damianszczepanik/maven-cucumber-reporting">Maven</a>
        &nbsp;&nbsp;
    </p>
  </div>
</nav>

</body>
</html>
